{"numTotalTestSuites":2,"numPassedTestSuites":2,"numFailedTestSuites":0,"numPendingTestSuites":0,"numTotalTests":6,"numPassedTests":6,"numFailedTests":0,"numPendingTests":0,"numTodoTests":0,"snapshot":{"added":0,"failure":false,"filesAdded":0,"filesRemoved":0,"filesRemovedList":[],"filesUnmatched":0,"filesUpdated":0,"matched":0,"total":0,"unchecked":0,"uncheckedKeysByFile":[],"unmatched":0,"updated":0,"didUpdate":false},"startTime":1759458756281,"success":true,"testResults":[{"assertionResults":[{"ancestorTitles":["createTextResult"],"fullName":"createTextResult should create a CallToolResult with correct structure","status":"passed","title":"should create a CallToolResult with correct structure","duration":2.4881529999999827,"failureMessages":[],"meta":{}},{"ancestorTitles":["createTextResult"],"fullName":"createTextResult should handle user data from dev.to API","status":"passed","title":"should handle user data from dev.to API","duration":0.3223790000000122,"failureMessages":[],"meta":{}},{"ancestorTitles":["createTextResult"],"fullName":"createTextResult should handle article data from dev.to API","status":"passed","title":"should handle article data from dev.to API","duration":0.30884399999999346,"failureMessages":[],"meta":{}},{"ancestorTitles":["createTextResult"],"fullName":"createTextResult should handle tag data from dev.to API","status":"passed","title":"should handle tag data from dev.to API","duration":0.26419100000001094,"failureMessages":[],"meta":{}},{"ancestorTitles":["createTextResult"],"fullName":"createTextResult should handle null data","status":"passed","title":"should handle null data","duration":0.2038389999999879,"failureMessages":[],"meta":{}},{"ancestorTitles":["createTextResult"],"fullName":"createTextResult should handle array of articles","status":"passed","title":"should handle array of articles","duration":0.21659199999999146,"failureMessages":[],"meta":{}}],"startTime":1759458756542,"endTime":1759458756546.2642,"status":"passed","message":"","name":"/home/runner/work/dev-to-mcp/dev-to-mcp/src/lib/utils.test.ts"}]}