{"numTotalTestSuites":2,"numPassedTestSuites":2,"numFailedTestSuites":0,"numPendingTestSuites":0,"numTotalTests":6,"numPassedTests":6,"numFailedTests":0,"numPendingTests":0,"numTodoTests":0,"snapshot":{"added":0,"failure":false,"filesAdded":0,"filesRemoved":0,"filesRemovedList":[],"filesUnmatched":0,"filesUpdated":0,"matched":0,"total":0,"unchecked":0,"uncheckedKeysByFile":[],"unmatched":0,"updated":0,"didUpdate":false},"startTime":1758561911991,"success":true,"testResults":[{"assertionResults":[{"ancestorTitles":["createTextResult"],"fullName":"createTextResult should create a CallToolResult with correct structure","status":"passed","title":"should create a CallToolResult with correct structure","duration":2.521203000000014,"failureMessages":[],"meta":{}},{"ancestorTitles":["createTextResult"],"fullName":"createTextResult should handle user data from dev.to API","status":"passed","title":"should handle user data from dev.to API","duration":0.3603160000000116,"failureMessages":[],"meta":{}},{"ancestorTitles":["createTextResult"],"fullName":"createTextResult should handle article data from dev.to API","status":"passed","title":"should handle article data from dev.to API","duration":0.26900499999999283,"failureMessages":[],"meta":{}},{"ancestorTitles":["createTextResult"],"fullName":"createTextResult should handle tag data from dev.to API","status":"passed","title":"should handle tag data from dev.to API","duration":0.25967799999997965,"failureMessages":[],"meta":{}},{"ancestorTitles":["createTextResult"],"fullName":"createTextResult should handle null data","status":"passed","title":"should handle null data","duration":0.24058099999999172,"failureMessages":[],"meta":{}},{"ancestorTitles":["createTextResult"],"fullName":"createTextResult should handle array of articles","status":"passed","title":"should handle array of articles","duration":0.21759899999997856,"failureMessages":[],"meta":{}}],"startTime":1758561912248,"endTime":1758561912251.269,"status":"passed","message":"","name":"/home/runner/work/dev-to-mcp/dev-to-mcp/src/lib/utils.test.ts"}]}